1710178926467:help
1710178939613:version
1710178955972:exit
1710179589672:stalks
1710179605673:exit
1710180403297:stalks
1710180435109:exit
1710180489776:stalks
1710180502761:exit
1710186649721:help
1710186659536:stalks
1710186672170:user steve hello
1710186693736:user steve blah
1710186727857:user steve
1710186762437:exit
1710186896650:help
1710186905265:stalk ted
1710186915725:bean ted hi
1710186927895:bean ted good
1710186938720:exit
1710248438920:help
1710248444890:exit
1710254945761:help
1710254949384:stalks
1710254961801:exit
1710255028563:help
1710255035995:quit
1710255049325:help
1710255051311:exit
1710255567300:stalks
1710255604556:exit
1710255644921:stalks
1710255680978:exit
1710255707005:stalks
1710255752974:exit
1710255854178:help
1710255860055:stalk 1
1710255868010:exit
1710256047030:stalk 1
1710256179686:exit
1710259766271:help
1710259773317:stalk 1
1710259782547:exit
1710259804464:stalk 1
1710259954729:help
1710259994842:help stalk
1710260017449:exit
1710265939517:info
1710265942821:help
1710265949436:stalks
1710265970467:exit
1710266305174:stalks
1710266318848:exit
1710267569209:bean tim message
1710267654885:bean tom sam
1710267675722:exit
1710268589960:help
1710268604379:bean
1710268614076:bean bob hi
1710268646756:bean bob hello
1710268714510:bean bob hi
1710268775327:bean bob truck
1710269101525:exit
1710269115108:bean bob tractor
1710269133414:stacktraec
1710269135132:stacktrace
1710269383554:exit
1710269395716:bean bob house
1710269430598:stacktrace
1710269563379:exit
1710269683063:bean bob triangle
1710269746822:exit
1710269757942:bean bob
1710269764868:exit
1710273209469:help
1710273216709:stalk bob
1710273332164:help
1710273336659:stalk bob
1710273342340:exit
1710341928116:stalks
1710341937643:stalk Bob
1710341951376:bean Bob hi
1710341981966:stalk Bob
1710343421742:bean Bob heoo
1710343456671:stalks
1710343464624:stalk bob
1710343481830:bean bob eye
1710343494826:bean Bob eye
1710343581184:exit
1710343722214:bean bob oi
1710343786997:exit
1710343819965:stalks
1710343872582:stalk bob
1710343887071:bean bob ayo
1710344078227:exit
1710344098311:bean bob what
1710344482911:exit
1710344499218:bean bob hello
1710344511353:stacktrace
1710344600662:bean bob he
1710344675694:exit
1710344687894:stalks
1710344693773:stalk Bob
1710344706704:bean bob please
1710344826384:exit
1710344838246:bean bob he
1710345166691:exit
1710345183940:bean bob hiii
1710345244077:exit
1710345257372:bean bob hi
1710345296454:bean bob pleaseee
1710345425297:exit
1710345438831:bean bob hhhhhh
